<?xml version="1.0" encoding="UTF-8"?>
<!-- Generated by org.testng.reporters.JUnitReportReporter -->
<testsuite skipped="0" hostname="RVSBLR706LT" name="com.EnhancedDashBoard.TestCases.TC_ShipmentListTest" tests="2" failures="0" timestamp="2021-12-01T11:25:16 IST" time="82.334" errors="0">
  <testcase name="shipmentlistActivity" time="65.551" classname="com.EnhancedDashBoard.TestCases.TC_ShipmentListTest"/>
  <system-out/>
  <testcase name="loginTest" time="16.783" classname="com.EnhancedDashBoard.TestCases.TC_ShipmentListTest"/>
  <system-out/>
</testsuite> <!-- com.EnhancedDashBoard.TestCases.TC_ShipmentListTest -->
