<?xml version="1.0" encoding="UTF-8"?>
<!-- Generated by org.testng.reporters.JUnitReportReporter -->
<testsuite skipped="0" hostname="RVSBLR706LT" name="com.EnhancedDashBoard.TestCases.TC_LoginTest1_001" tests="1" failures="0" timestamp="2021-12-01T11:25:16 IST" time="16.859" errors="0">
  <testcase name="loginTest" time="16.859" classname="com.EnhancedDashBoard.TestCases.TC_LoginTest1_001"/>
  <system-out/>
</testsuite> <!-- com.EnhancedDashBoard.TestCases.TC_LoginTest1_001 -->
